<testsuites id="" name="" tests="1" failures="0" skipped="0" errors="1" time="31.327060999999997">
<testsuite name="test-01-login-and-create-candidate.spec.js" timestamp="2026-08-16T01:15:49.964Z" hostname="chromium" tests="1" failures="0" skipped="0" time="30.231" errors="1">
<testcase name="Step 1: Login and Create Candidate" classname="test-01-login-and-create-candidate.spec.js" time="30.231">
<system-out>
<![CDATA[
=== STEP 1: LOGIN ===
✅ Email entered
✅ Password entered
✅ LOGIN SUCCESSFUL
📍 Dashboard URL: http://localhost:3000/

=== STEP 2: CREATE CANDIDATE ===
✅ Add Candidate modal opened
Found 13 total input fields
Input 0: type=text, placeholder=Search candidates or jobs...
Input 1: type=file, placeholder=null
Input 2: type=text, placeholder=null
Input 3: type=text, placeholder=null
Input 4: type=text, placeholder=null
✅ First Name: John
✅ Last Name: Smith

Found 15 buttons:
Button 0: "Dashboard"
Button 1: "My Tasks"
Button 2: "My Timesheet"
Button 3: "My Expenses"
Button 4: "My Referrals"
Button 5: ""
Button 6: ""
Button 7: ""
Button 8: "RRecruiter NA 1"
Button 9: "Back"

[[ATTACHMENT|test-01-login-and-create-c-f9213--Login-and-Create-Candidate-chromium\test-failed-1.png]]

[[ATTACHMENT|test-01-login-and-create-c-f9213--Login-and-Create-Candidate-chromium\video.webm]]

[[ATTACHMENT|test-01-login-and-create-c-f9213--Login-and-Create-Candidate-chromium\error-context.md]]
]]>
</system-out>
<error message="Test timeout of 30000ms exceeded." type="Error">
<![CDATA[  [chromium] › test-01-login-and-create-candidate.spec.js:3:5 › Step 1: Login and Create Candidate ─

    Test timeout of 30000ms exceeded.

    Error: locator.click: Test timeout of 30000ms exceeded.
    Call log:
      - waiting for locator('button:has-text("Save"), button:has-text("Create"), button:has-text("Submit")').first()


      85 |   const saveBtn = await page.locator('button:has-text("Save"), button:has-text("Create"), button:has-text("Submit")').first();
      86 |   if (saveBtn) {
    > 87 |     await saveBtn.click();
         |                   ^
      88 |     console.log('✅ Save button clicked');
      89 |   } else {
      90 |     console.log('❌ Save button not found');
        at C:\Users\AvinashMukund\Documents\Claude\OnboardingModule-Frontend-main\tests\e2e\test-01-login-and-create-candidate.spec.js:87:19

    attachment #1: screenshot (image/png) ──────────────────────────────────────────────────────────
    ..\..\test-results\test-01-login-and-create-c-f9213--Login-and-Create-Candidate-chromium\test-failed-1.png
    ────────────────────────────────────────────────────────────────────────────────────────────────

    attachment #2: video (video/webm) ──────────────────────────────────────────────────────────────
    ..\..\test-results\test-01-login-and-create-c-f9213--Login-and-Create-Candidate-chromium\video.webm
    ────────────────────────────────────────────────────────────────────────────────────────────────

    Error Context: ..\..\test-results\test-01-login-and-create-c-f9213--Login-and-Create-Candidate-chromium\error-context.md
]]>
</error>
</testcase>
</testsuite>
</testsuites>